[0.065s] DEBUG:colcon:Command line arguments: ['/usr/bin/colcon', 'build']
[0.065s] DEBUG:colcon:Parsed command line arguments: Namespace(log_base=None, log_level=None, verb_name='build', build_base='build', install_base='install', merge_install=False, symlink_install=False, test_result_base=None, continue_on_error=False, executor='parallel', parallel_workers=8, event_handlers=None, ignore_user_meta=False, metas=['./colcon.meta'], base_paths=['.'], packages_ignore=None, packages_ignore_regex=None, paths=None, packages_up_to=None, packages_up_to_regex=None, packages_above=None, packages_above_and_dependencies=None, packages_above_depth=None, packages_select_by_dep=None, packages_skip_by_dep=None, packages_skip_up_to=None, packages_select_build_failed=False, packages_skip_build_finished=False, packages_select_test_failures=False, packages_skip_test_passed=False, packages_select=None, packages_skip=None, packages_select_regex=None, packages_skip_regex=None, packages_start=None, packages_end=None, allow_overriding=[], cmake_args=None, cmake_target=None, cmake_target_skip_unavailable=False, cmake_clean_cache=False, cmake_clean_first=False, cmake_force_configure=False, ament_cmake_args=None, catkin_cmake_args=None, catkin_skip_building_tests=False, mixin_files=None, mixin=None, verb_parser=<colcon_mixin.mixin.mixin_argument.MixinArgumentDecorator object at 0x762e40d72180>, verb_extension=<colcon_core.verb.build.BuildVerb object at 0x762e40ef7c80>, main=<bound method BuildVerb.main of <colcon_core.verb.build.BuildVerb object at 0x762e40ef7c80>>, mixin_verb=('build',))
[0.090s] Level 1:colcon.colcon_core.package_discovery:discover_packages(colcon_meta) check parameters
[0.091s] Level 1:colcon.colcon_core.package_discovery:discover_packages(recursive) check parameters
[0.091s] Level 1:colcon.colcon_core.package_discovery:discover_packages(ignore) check parameters
[0.091s] Level 1:colcon.colcon_core.package_discovery:discover_packages(path) check parameters
[0.091s] Level 1:colcon.colcon_core.package_discovery:discover_packages(colcon_meta) discover
[0.091s] Level 1:colcon.colcon_core.package_discovery:discover_packages(recursive) discover
[0.091s] INFO:colcon.colcon_core.package_discovery:Crawling recursively for packages in '/home/pioneer1/Documents/URT-pioneer/sensor_ws'
[0.091s] Level 1:colcon.colcon_core.package_identification:_identify(.) by extensions ['ignore', 'ignore_ament_install']
[0.091s] Level 1:colcon.colcon_core.package_identification:_identify(.) by extension 'ignore'
[0.091s] Level 1:colcon.colcon_core.package_identification:_identify(.) by extension 'ignore_ament_install'
[0.091s] Level 1:colcon.colcon_core.package_identification:_identify(.) by extensions ['colcon_pkg']
[0.091s] Level 1:colcon.colcon_core.package_identification:_identify(.) by extension 'colcon_pkg'
[0.091s] Level 1:colcon.colcon_core.package_identification:_identify(.) by extensions ['colcon_meta']
[0.091s] Level 1:colcon.colcon_core.package_identification:_identify(.) by extension 'colcon_meta'
[0.091s] Level 1:colcon.colcon_core.package_identification:_identify(.) by extensions ['ros']
[0.091s] Level 1:colcon.colcon_core.package_identification:_identify(.) by extension 'ros'
[0.108s] Level 1:colcon.colcon_core.package_identification:_identify(.) by extensions ['cmake', 'python']
[0.108s] Level 1:colcon.colcon_core.package_identification:_identify(.) by extension 'cmake'
[0.108s] Level 1:colcon.colcon_core.package_identification:_identify(.) by extension 'python'
[0.108s] Level 1:colcon.colcon_core.package_identification:_identify(.) by extensions ['python_setup_py']
[0.108s] Level 1:colcon.colcon_core.package_identification:_identify(.) by extension 'python_setup_py'
[0.108s] Level 1:colcon.colcon_core.package_identification:_identify(build) by extensions ['ignore', 'ignore_ament_install']
[0.108s] Level 1:colcon.colcon_core.package_identification:_identify(build) by extension 'ignore'
[0.108s] Level 1:colcon.colcon_core.package_identification:_identify(build) ignored
[0.108s] Level 1:colcon.colcon_core.package_identification:_identify(install) by extensions ['ignore', 'ignore_ament_install']
[0.108s] Level 1:colcon.colcon_core.package_identification:_identify(install) by extension 'ignore'
[0.108s] Level 1:colcon.colcon_core.package_identification:_identify(install) ignored
[0.108s] Level 1:colcon.colcon_core.package_identification:_identify(log) by extensions ['ignore', 'ignore_ament_install']
[0.109s] Level 1:colcon.colcon_core.package_identification:_identify(log) by extension 'ignore'
[0.109s] Level 1:colcon.colcon_core.package_identification:_identify(log) ignored
[0.109s] Level 1:colcon.colcon_core.package_identification:_identify(src) by extensions ['ignore', 'ignore_ament_install']
[0.109s] Level 1:colcon.colcon_core.package_identification:_identify(src) by extension 'ignore'
[0.109s] Level 1:colcon.colcon_core.package_identification:_identify(src) by extension 'ignore_ament_install'
[0.109s] Level 1:colcon.colcon_core.package_identification:_identify(src) by extensions ['colcon_pkg']
[0.109s] Level 1:colcon.colcon_core.package_identification:_identify(src) by extension 'colcon_pkg'
[0.109s] Level 1:colcon.colcon_core.package_identification:_identify(src) by extensions ['colcon_meta']
[0.109s] Level 1:colcon.colcon_core.package_identification:_identify(src) by extension 'colcon_meta'
[0.109s] Level 1:colcon.colcon_core.package_identification:_identify(src) by extensions ['ros']
[0.109s] Level 1:colcon.colcon_core.package_identification:_identify(src) by extension 'ros'
[0.109s] Level 1:colcon.colcon_core.package_identification:_identify(src) by extensions ['cmake', 'python']
[0.109s] Level 1:colcon.colcon_core.package_identification:_identify(src) by extension 'cmake'
[0.109s] Level 1:colcon.colcon_core.package_identification:_identify(src) by extension 'python'
[0.109s] Level 1:colcon.colcon_core.package_identification:_identify(src) by extensions ['python_setup_py']
[0.109s] Level 1:colcon.colcon_core.package_identification:_identify(src) by extension 'python_setup_py'
[0.109s] Level 1:colcon.colcon_core.package_identification:_identify(src/imu_test) by extensions ['ignore', 'ignore_ament_install']
[0.109s] Level 1:colcon.colcon_core.package_identification:_identify(src/imu_test) by extension 'ignore'
[0.109s] Level 1:colcon.colcon_core.package_identification:_identify(src/imu_test) by extension 'ignore_ament_install'
[0.109s] Level 1:colcon.colcon_core.package_identification:_identify(src/imu_test) by extensions ['colcon_pkg']
[0.109s] Level 1:colcon.colcon_core.package_identification:_identify(src/imu_test) by extension 'colcon_pkg'
[0.109s] Level 1:colcon.colcon_core.package_identification:_identify(src/imu_test) by extensions ['colcon_meta']
[0.109s] Level 1:colcon.colcon_core.package_identification:_identify(src/imu_test) by extension 'colcon_meta'
[0.109s] Level 1:colcon.colcon_core.package_identification:_identify(src/imu_test) by extensions ['ros']
[0.109s] Level 1:colcon.colcon_core.package_identification:_identify(src/imu_test) by extension 'ros'
[0.111s] DEBUG:colcon.colcon_core.package_identification:Package 'src/imu_test' with type 'ros.ament_python' and name 'imu_test'
[0.111s] Level 1:colcon.colcon_core.package_discovery:discover_packages(recursive) using defaults
[0.111s] Level 1:colcon.colcon_core.package_discovery:discover_packages(ignore) discover
[0.111s] Level 1:colcon.colcon_core.package_discovery:discover_packages(ignore) using defaults
[0.111s] Level 1:colcon.colcon_core.package_discovery:discover_packages(path) discover
[0.111s] Level 1:colcon.colcon_core.package_discovery:discover_packages(path) using defaults
[0.122s] Level 1:colcon.colcon_core.package_discovery:discover_packages(prefix_path) check parameters
[0.122s] Level 1:colcon.colcon_core.package_discovery:discover_packages(prefix_path) discover
[0.123s] WARNING:colcon.colcon_core.prefix_path.colcon:The path '/home/pioneer1/Documents/URT_pioneer/sick_scan_ws/install' in the environment variable COLCON_PREFIX_PATH doesn't exist
[0.123s] WARNING:colcon.colcon_core.prefix_path.colcon:The path '/home/pioneer1/Documents/URT_testing/sick_scan_ws/install' in the environment variable COLCON_PREFIX_PATH doesn't exist
[0.123s] WARNING:colcon.colcon_core.prefix_path.colcon:The path '/home/pioneer1/Documents/Rover/imu_ws/install' in the environment variable COLCON_PREFIX_PATH doesn't exist
[0.123s] WARNING:colcon.colcon_ros.prefix_path.ament:The path '/home/pioneer1/Documents/URT_pioneer/sick_scan_ws/install/sick_scan_xd' in the environment variable AMENT_PREFIX_PATH doesn't exist
[0.123s] WARNING:colcon.colcon_ros.prefix_path.ament:The path '/home/pioneer1/Documents/URT_testing/sick_scan_ws/install/sick_scan_xd' in the environment variable AMENT_PREFIX_PATH doesn't exist
[0.123s] WARNING:colcon.colcon_ros.prefix_path.ament:The path '/home/pioneer1/Documents/Rover/imu_ws/install/imu' in the environment variable AMENT_PREFIX_PATH doesn't exist
[0.123s] WARNING:colcon.colcon_ros.prefix_path.catkin:The path '/home/pioneer1/Documents/URT_pioneer/sick_scan_ws/install/sick_scan_xd' in the environment variable CMAKE_PREFIX_PATH doesn't exist
[0.123s] WARNING:colcon.colcon_ros.prefix_path.catkin:The path '/home/pioneer1/Documents/URT_pioneer/sick_scan_ws/install/libsick_ldmrs' in the environment variable CMAKE_PREFIX_PATH doesn't exist
[0.123s] WARNING:colcon.colcon_ros.prefix_path.catkin:The path '/home/pioneer1/Documents/URT_testing/sick_scan_ws/install/sick_scan_xd' in the environment variable CMAKE_PREFIX_PATH doesn't exist
[0.123s] WARNING:colcon.colcon_ros.prefix_path.catkin:The path '/home/pioneer1/Documents/URT_testing/sick_scan_ws/install/libsick_ldmrs' in the environment variable CMAKE_PREFIX_PATH doesn't exist
[0.124s] DEBUG:colcon.colcon_installed_package_information.package_discovery:Found 1 installed packages in /home/pioneer1/Documents/URT-pioneer/sensor_ws/install
[0.124s] DEBUG:colcon.colcon_installed_package_information.package_discovery:Found 1 installed packages in /home/pioneer1/Documents/Rover/install
[0.125s] DEBUG:colcon.colcon_installed_package_information.package_discovery:Found 226 installed packages in /opt/ros/jazzy
[0.125s] Level 1:colcon.colcon_core.package_discovery:discover_packages(prefix_path) using defaults
[0.145s] Level 5:colcon.colcon_core.verb:set package 'imu_test' build argument 'cmake_args' from command line to 'None'
[0.145s] Level 5:colcon.colcon_core.verb:set package 'imu_test' build argument 'cmake_target' from command line to 'None'
[0.145s] Level 5:colcon.colcon_core.verb:set package 'imu_test' build argument 'cmake_target_skip_unavailable' from command line to 'False'
[0.145s] Level 5:colcon.colcon_core.verb:set package 'imu_test' build argument 'cmake_clean_cache' from command line to 'False'
[0.145s] Level 5:colcon.colcon_core.verb:set package 'imu_test' build argument 'cmake_clean_first' from command line to 'False'
[0.145s] Level 5:colcon.colcon_core.verb:set package 'imu_test' build argument 'cmake_force_configure' from command line to 'False'
[0.145s] Level 5:colcon.colcon_core.verb:set package 'imu_test' build argument 'ament_cmake_args' from command line to 'None'
[0.145s] Level 5:colcon.colcon_core.verb:set package 'imu_test' build argument 'catkin_cmake_args' from command line to 'None'
[0.145s] Level 5:colcon.colcon_core.verb:set package 'imu_test' build argument 'catkin_skip_building_tests' from command line to 'False'
[0.145s] DEBUG:colcon.colcon_core.verb:Building package 'imu_test' with the following arguments: {'ament_cmake_args': None, 'build_base': '/home/pioneer1/Documents/URT-pioneer/sensor_ws/build/imu_test', 'catkin_cmake_args': None, 'catkin_skip_building_tests': False, 'cmake_args': None, 'cmake_clean_cache': False, 'cmake_clean_first': False, 'cmake_force_configure': False, 'cmake_target': None, 'cmake_target_skip_unavailable': False, 'install_base': '/home/pioneer1/Documents/URT-pioneer/sensor_ws/install/imu_test', 'merge_install': False, 'path': '/home/pioneer1/Documents/URT-pioneer/sensor_ws/src/imu_test', 'symlink_install': False, 'test_result_base': None}
[0.145s] INFO:colcon.colcon_core.executor:Executing jobs using 'parallel' executor
[0.146s] DEBUG:colcon.colcon_parallel_executor.executor.parallel:run_until_complete
[0.146s] INFO:colcon.colcon_ros.task.ament_python.build:Building ROS package in '/home/pioneer1/Documents/URT-pioneer/sensor_ws/src/imu_test' with build type 'ament_python'
[0.146s] Level 1:colcon.colcon_core.shell:create_environment_hook('imu_test', 'ament_prefix_path')
[0.147s] INFO:colcon.colcon_core.plugin_system:Skipping extension 'colcon_core.shell.bat': Not used on non-Windows systems
[0.148s] INFO:colcon.colcon_core.shell:Creating environment hook '/home/pioneer1/Documents/URT-pioneer/sensor_ws/install/imu_test/share/imu_test/hook/ament_prefix_path.ps1'
[0.148s] INFO:colcon.colcon_core.shell:Creating environment descriptor '/home/pioneer1/Documents/URT-pioneer/sensor_ws/install/imu_test/share/imu_test/hook/ament_prefix_path.dsv'
[0.148s] INFO:colcon.colcon_core.shell:Creating environment hook '/home/pioneer1/Documents/URT-pioneer/sensor_ws/install/imu_test/share/imu_test/hook/ament_prefix_path.sh'
[0.149s] INFO:colcon.colcon_core.shell:Skip shell extension 'powershell' for command environment: Not usable outside of PowerShell
[0.149s] DEBUG:colcon.colcon_core.shell:Skip shell extension 'dsv' for command environment
[0.288s] INFO:colcon.colcon_core.task.python.build:Building Python package in '/home/pioneer1/Documents/URT-pioneer/sensor_ws/src/imu_test'
[0.288s] INFO:colcon.colcon_core.shell:Skip shell extension 'powershell' for command environment: Not usable outside of PowerShell
[0.288s] DEBUG:colcon.colcon_core.shell:Skip shell extension 'dsv' for command environment
[0.623s] DEBUG:colcon.colcon_core.event_handler.log_command:Invoking command in '/home/pioneer1/Documents/URT-pioneer/sensor_ws/src/imu_test': DEBUGINFOD_URLS=https://debuginfod.ubuntu.com PYTHONPATH=/home/pioneer1/Documents/URT-pioneer/sensor_ws/build/imu_test/prefix_override:/usr/lib/python3/dist-packages/colcon_core/task/python/colcon_distutils_commands:/home/pioneer1/Documents/URT-pioneer/sensor_ws/install/imu_test/lib/python3.12/site-packages:${PYTHONPATH} /usr/bin/python3 -W ignore:setup.py install is deprecated -W ignore:easy_install command is deprecated setup.py egg_info --egg-base ../../build/imu_test build --build-base /home/pioneer1/Documents/URT-pioneer/sensor_ws/build/imu_test/build install --record /home/pioneer1/Documents/URT-pioneer/sensor_ws/build/imu_test/install.log --single-version-externally-managed install_data
[0.927s] DEBUG:colcon.colcon_core.event_handler.log_command:Invoked command in '/home/pioneer1/Documents/URT-pioneer/sensor_ws/src/imu_test' returned '0': DEBUGINFOD_URLS=https://debuginfod.ubuntu.com PYTHONPATH=/home/pioneer1/Documents/URT-pioneer/sensor_ws/build/imu_test/prefix_override:/usr/lib/python3/dist-packages/colcon_core/task/python/colcon_distutils_commands:/home/pioneer1/Documents/URT-pioneer/sensor_ws/install/imu_test/lib/python3.12/site-packages:${PYTHONPATH} /usr/bin/python3 -W ignore:setup.py install is deprecated -W ignore:easy_install command is deprecated setup.py egg_info --egg-base ../../build/imu_test build --build-base /home/pioneer1/Documents/URT-pioneer/sensor_ws/build/imu_test/build install --record /home/pioneer1/Documents/URT-pioneer/sensor_ws/build/imu_test/install.log --single-version-externally-managed install_data
[0.929s] Level 1:colcon.colcon_core.environment:checking '/home/pioneer1/Documents/URT-pioneer/sensor_ws/install/imu_test' for CMake module files
[0.929s] Level 1:colcon.colcon_core.environment:checking '/home/pioneer1/Documents/URT-pioneer/sensor_ws/install/imu_test' for CMake config files
[0.929s] Level 1:colcon.colcon_core.environment:checking '/home/pioneer1/Documents/URT-pioneer/sensor_ws/install/imu_test/lib'
[0.930s] Level 1:colcon.colcon_core.environment:checking '/home/pioneer1/Documents/URT-pioneer/sensor_ws/install/imu_test/bin'
[0.930s] Level 1:colcon.colcon_core.environment:checking '/home/pioneer1/Documents/URT-pioneer/sensor_ws/install/imu_test/lib/pkgconfig/imu_test.pc'
[0.930s] Level 1:colcon.colcon_core.environment:checking '/home/pioneer1/Documents/URT-pioneer/sensor_ws/install/imu_test/lib/python3.12/site-packages'
[0.930s] Level 1:colcon.colcon_core.shell:create_environment_hook('imu_test', 'pythonpath')
[0.930s] INFO:colcon.colcon_core.shell:Creating environment hook '/home/pioneer1/Documents/URT-pioneer/sensor_ws/install/imu_test/share/imu_test/hook/pythonpath.ps1'
[0.930s] INFO:colcon.colcon_core.shell:Creating environment descriptor '/home/pioneer1/Documents/URT-pioneer/sensor_ws/install/imu_test/share/imu_test/hook/pythonpath.dsv'
[0.930s] INFO:colcon.colcon_core.shell:Creating environment hook '/home/pioneer1/Documents/URT-pioneer/sensor_ws/install/imu_test/share/imu_test/hook/pythonpath.sh'
[0.931s] Level 1:colcon.colcon_core.environment:checking '/home/pioneer1/Documents/URT-pioneer/sensor_ws/install/imu_test/bin'
[0.931s] Level 1:colcon.colcon_core.environment:create_environment_scripts_only(imu_test)
[0.931s] INFO:colcon.colcon_core.shell:Creating package script '/home/pioneer1/Documents/URT-pioneer/sensor_ws/install/imu_test/share/imu_test/package.ps1'
[0.931s] INFO:colcon.colcon_core.shell:Creating package descriptor '/home/pioneer1/Documents/URT-pioneer/sensor_ws/install/imu_test/share/imu_test/package.dsv'
[0.932s] INFO:colcon.colcon_core.shell:Creating package script '/home/pioneer1/Documents/URT-pioneer/sensor_ws/install/imu_test/share/imu_test/package.sh'
[0.932s] INFO:colcon.colcon_core.shell:Creating package script '/home/pioneer1/Documents/URT-pioneer/sensor_ws/install/imu_test/share/imu_test/package.bash'
[0.933s] INFO:colcon.colcon_core.shell:Creating package script '/home/pioneer1/Documents/URT-pioneer/sensor_ws/install/imu_test/share/imu_test/package.zsh'
[0.933s] Level 1:colcon.colcon_core.environment:create_file_with_runtime_dependencies(/home/pioneer1/Documents/URT-pioneer/sensor_ws/install/imu_test/share/colcon-core/packages/imu_test)
[0.933s] DEBUG:colcon.colcon_parallel_executor.executor.parallel:closing loop
[0.934s] DEBUG:colcon.colcon_parallel_executor.executor.parallel:loop closed
[0.934s] DEBUG:colcon.colcon_parallel_executor.executor.parallel:run_until_complete finished with '0'
[0.934s] DEBUG:colcon.colcon_core.event_reactor:joining thread
[0.938s] INFO:colcon.colcon_core.plugin_system:Skipping extension 'colcon_notification.desktop_notification.terminal_notifier': Not used on non-Darwin systems
[0.938s] INFO:colcon.colcon_core.plugin_system:Skipping extension 'colcon_notification.desktop_notification.win32': Not used on non-Windows systems
[0.939s] INFO:colcon.colcon_notification.desktop_notification:Sending desktop notification using 'notify2'
[0.949s] DEBUG:colcon.colcon_core.event_reactor:joined thread
[0.949s] INFO:colcon.colcon_core.shell:Creating prefix script '/home/pioneer1/Documents/URT-pioneer/sensor_ws/install/local_setup.ps1'
[0.950s] INFO:colcon.colcon_core.shell:Creating prefix util module '/home/pioneer1/Documents/URT-pioneer/sensor_ws/install/_local_setup_util_ps1.py'
[0.951s] INFO:colcon.colcon_core.shell:Creating prefix chain script '/home/pioneer1/Documents/URT-pioneer/sensor_ws/install/setup.ps1'
[0.951s] INFO:colcon.colcon_core.shell:Creating prefix script '/home/pioneer1/Documents/URT-pioneer/sensor_ws/install/local_setup.sh'
[0.952s] INFO:colcon.colcon_core.shell:Creating prefix util module '/home/pioneer1/Documents/URT-pioneer/sensor_ws/install/_local_setup_util_sh.py'
[0.952s] INFO:colcon.colcon_core.shell:Creating prefix chain script '/home/pioneer1/Documents/URT-pioneer/sensor_ws/install/setup.sh'
[0.953s] INFO:colcon.colcon_core.shell:Creating prefix script '/home/pioneer1/Documents/URT-pioneer/sensor_ws/install/local_setup.bash'
[0.953s] INFO:colcon.colcon_core.shell:Creating prefix chain script '/home/pioneer1/Documents/URT-pioneer/sensor_ws/install/setup.bash'
[0.954s] INFO:colcon.colcon_core.shell:Creating prefix script '/home/pioneer1/Documents/URT-pioneer/sensor_ws/install/local_setup.zsh'
[0.954s] INFO:colcon.colcon_core.shell:Creating prefix chain script '/home/pioneer1/Documents/URT-pioneer/sensor_ws/install/setup.zsh'
